<?xml version="1.0" encoding="UTF-8"?>
<!-- Generated by org.testng.reporters.JUnitReportReporter -->
<testsuite hostname="CDC2-D-5JLKXH2" name="Demo.NewTest" tests="1" failures="1" timestamp="25 Jun 2019 06:39:23 GMT" time="14.793" errors="0">
  <testcase name="google" time="14.793" classname="Demo.NewTest">
    <failure type="java.lang.AssertionError" message="expected [&lt;html&gt;&lt;head&gt;
	&lt;title&gt;Admin Home&lt;/title&gt;
	&lt;link rel=&quot;stylesheet&quot; type=&quot;text/css&quot; href=&quot;styles/bootstrap.css&quot;&gt;
	&lt;link rel=&quot;stylesheet&quot; type=&quot;text/css&quot; href=&quot;styles/custom.css&quot;&gt;
	&lt;link rel=&quot;stylesheet&quot; type=&quot;text/css&quot; href=&quot;styles/jquery-ui/jquery-ui.css&quot;&gt;
	 &lt;meta name=&quot;viewport&quot; content=&quot;width=device-width, initial-scale=1&quot;&gt;
&lt;link href=&quot;styles/css/font-awesome.min.css&quot; rel=&quot;stylesheet&quot;&gt;
&lt;link rel=&quot;stylesheet&quot; type=&quot;text/css&quot; href=&quot;styles/back.css&quot;&gt;
	&lt;link rel=&quot;stylesheet&quot; type=&quot;text/css&quot; href=&quot;styles/backalt.css&quot;&gt;   
   &lt;link href=&quot;styles/bootstrap.css&quot; rel=&quot;stylesheet&quot;&gt;
	&lt;style&gt;
	


body {
    background: #D0D3D4;
    font-family: &#039;Roboto&#039;, sans-serif;
    padding-top: 40px;
}

.main {
    background-color: #ECF0F1;
    border: 0px solid #8E44AD;
    border-radius: 5px;
    -webkit-box-sizing: border-box; /* Safari/Chrome, other WebKit */
    -moz-box-sizing: border-box;    /* Firefox, other Gecko */
    box-sizing: border-box; /* Opera/IE 8+ */
    margin-bottom: 40px;
    margin-right: 10%;
    margin-left: 10%;
    
}

.btn-nav {
    text-align: center;
    background-color: #ECF0F1;
    border: 0px solid #8E44AD;
    -webkit-box-sizing: border-box; /* Safari/Chrome, other WebKit */
    -moz-box-sizing: border-box;    /* Firefox, other Gecko */
    box-sizing: border-box; /* Opera/IE 8+ */
    margin-bottom: 40px;
}
.btn-nav:hover {
    color: #8E44AD;
    cursor: pointer;
    -webkit-transition: color 1s; /* For Safari 3.1 to 6.0 */
    transition: color 1s;
}
.btn-nav.active {
    color: #8E44AD;
    padding: 2px;
    border-top: 8px solid #8E44AD;
	border-bottom: 8px solid #8E44AD;
    border-left: 0;
    border-right: 0;
    box-sizing:border-box;
    -moz-box-sizing:border-box;
    -webkit-box-sizing:border-box;
    -webkit-transition: border 0.3s ease-out, color 0.3s ease 0.5s;
    -moz-transition: border 0.3s ease-out, color 0.3s ease 0.5s;
    -ms-transition: border 0.3s ease-out, color 0.3s ease 0.5s; /* IE10 is actually unprefixed */
    -o-transition: border 0.3s ease-out, color 0.3s ease 0.5s;
    transition: border 0.3s ease-out, color 0.3s ease 0.5s;
    -webkit-animation: pulsate 1.2s linear infinite;
    animation: pulsate 1.2s linear infinite;
}
.btn-nav.active:before {
	content: &#039;&#039;;
	position: absolute;
	border-style: solid;
	border-width: 6px 6px 0;
	border-color: #8E44AD transparent;
	display: block;
	width: 0;
	z-index: 1;
	margin-left: -6px;
	top: 0;
	left: 50%;
}
.btn-nav .glyphicon {
    color: #1ABC9C;
    padding-top: 16px;
	font-size: 40px;
}
.btn-nav.active p {
    margin-bottom: 8px;
}
@-webkit-keyframes pulsate {
 50% { color: #000; }
}
@keyframes pulsate {
 50% { color: #000; }
}
@media (max-width: 480px) {
    .btn-group {
        display: block !important;
        float: none !important;
        width: 100% !important;
        max-width: 100% !important;
    }
}
@media (max-width: 600px) {
    .btn-nav .glyphicon {
        padding-top: 12px;
        font-size: 26px;
    }
    
.label {
    margin: 0;
    padding: 0;
    border: 0;
}


}

.jumbotron {
    margin-top: 0px;
    background: #8E44AD;
    color: #FFF;
    border-radius: 5px 5px 0 0;
}
    .jumbotron-sm { padding-top: 24px;
    padding-bottom: 24px; }
    .jumbotron small {
    color: #FFF;
}

/*The css under here is used for that statistics page*/

.span5 {
    float: left;
}

.span3 {
    
}

.verticalLine {
    border-left: thick solid #ff0000;
}

.boxed-text {
 width: 600px;
 height: 400px;
 border: 5px solid green;
 float: left;
}

.boxed-text-pie {
 width: 600px;
 height: 400px;
 border: 5px solid red;
 float: left;
    
}

/*The css under here is used for the buttons in the statistics page*/

.btn-group .dropdown-menu a{
    color:#fff;
}

.btn-default .dropdown-menu {
  color: #000 !important;
}
.btn-default .dropdown-menu li &gt; a:hover,
.btn-default .dropdown-menu li &gt; a:focus {
  background-color: #000 !important;
  color:#fff !important;
}
.btn-group-primary .dropdown-menu {
  background-color: #3784c5 !important;
}
.btn-group-primary .dropdown-menu li &gt; a:hover,
.btn-group-primary .dropdown-menu li &gt; a:focus {
  background-color: #428bca !important;
}
.btn-group-success .dropdown-menu {
  background-color: #51b351 !important;
}
.btn-group-success .dropdown-menu li &gt; a:hover,
.btn-group-success .dropdown-menu li &gt; a:focus {
  background-color: #5cb85c !important;
}
.btn-group-info .dropdown-menu {
  background-color: #4ebbdb !important;
}
.btn-group-info .dropdown-menu li &gt; a:hover,
.btn-group-info .dropdown-menu li &gt; a:focus {
  background-color: #5bc0de !important;
}
.btn-group-warning .dropdown-menu {
  background-color: #efa640 !important;
}
.btn-group-warning .dropdown-menu li &gt; a:hover,
.btn-group-warning .dropdown-menu li &gt; a:focus {
  background-color: #f0ad4e !important;
}
.btn-group-danger .dropdown-menu {
  background-color: #d64742 !important;
}
.btn-group-danger .dropdown-menu li &gt; a:hover,
.btn-group-danger .dropdown-menu li &gt; a:focus {
  background-color: #d9534f !important;
}



&lt;/style&gt;
&lt;/head&gt;&lt;body&gt;&lt;header class=&quot;nav-down&quot;&gt;
   &lt;img src=&quot;img/logofirstlogo.png&quot; align=&quot;left&quot;&gt;
  &lt;div align=&quot;right&quot;&gt;
   &lt;b&gt;&lt;c:if test=&quot;true&quot;&gt;		
							Hi, Admin     &amp;nbsp;&amp;nbsp;
					&lt;!-- &lt;a href=&quot;adminHome.htm&quot;&gt; Home&lt;/a&gt;&amp;nbsp;&amp;nbsp; --&gt;
							&lt;a href=&quot;logout.htm&quot;&gt;&lt;i class=&quot;fa fa-lock&quot;&gt;&lt;/i&gt; SignOut&lt;/a&gt;
							&lt;/c:if&gt;
		   &lt;/b&gt;
   &lt;div&gt;
   &lt;/div&gt;&lt;/div&gt;&lt;/header&gt;


&lt;main&gt;
&lt;div class=&quot;container&quot;&gt;
&lt;br&gt;&lt;br&gt;&lt;br&gt;
&lt;img src=&quot;img/admin.png&quot; height=&quot;15%&quot; width=&quot;15%&quot;&gt;
&lt;br&gt;&lt;br&gt;&lt;br&gt;
    &lt;div class=&quot;row&quot;&gt;
    	&lt;div class=&quot;btn-group btn-group-justified&quot;&gt;
		&lt;div class=&quot;btn-group&quot; onclick=&quot;&quot;&gt;
                &lt;button type=&quot;button&quot; class=&quot;btn btn-nav&quot; onclick=&quot;location.href=&#039;routeaddprod.htm&#039;&quot;&gt;
                    &lt;span class=&quot;glyphicon glyphicon glyphicon-plus&quot;&gt;&lt;/span&gt;
                    &lt;h4&gt;Add Product&lt;/h4&gt;
                &lt;/button&gt;
            &lt;/div&gt;
            
            &lt;div class=&quot;btn-group&quot; onclick=&quot;&quot;&gt;
                &lt;button type=&quot;button&quot; class=&quot;btn btn-nav active&quot; onclick=&quot;location.href=&#039;APC.htm&#039;&quot;&gt;
                    &lt;span class=&quot;glyphicon glyphicon glyphicon-plus&quot;&gt;&lt;/span&gt;
    			    &lt;h4&gt;Add Category&lt;/h4&gt;
                &lt;/button&gt;
            &lt;/div&gt;
           &lt;div class=&quot;btn-group&quot; onclick=&quot;&quot;&gt;
                &lt;button type=&quot;button&quot; class=&quot;btn btn-nav&quot; onclick=&quot;location.href=&#039;AddProductSubCategory.htm&#039;&quot;&gt;
                    &lt;span class=&quot;glyphicon glyphicon glyphicon-plus&quot;&gt;&lt;/span&gt;
                    &lt;h4&gt;Add Sub Category&lt;/h4&gt;
                &lt;/button&gt;
            &lt;/div&gt;
            &lt;div class=&quot;btn-group&quot; onclick=&quot;&quot;&gt;
                &lt;button type=&quot;button&quot; class=&quot;btn btn-nav&quot; onclick=&quot;location.href=&#039;viewProd.htm&#039;&quot;&gt;
                    &lt;span class=&quot;glyphicon glyphicon-plus&quot;&gt;&lt;/span&gt;
    			    &lt;h4&gt;View Product&lt;/h4&gt;
                &lt;/button&gt;
            &lt;/div&gt;
			&lt;div class=&quot;btn-group&quot; onclick=&quot;&quot;&gt;
                &lt;button type=&quot;button&quot; class=&quot;btn btn-nav&quot; onclick=&quot;location.href=&#039;viewprodcat.htm&#039;&quot;&gt;
                    &lt;span class=&quot;glyphicon glyphicon-plus&quot;&gt;&lt;/span&gt;
    			    &lt;h4&gt;View Category&lt;/h4&gt;
                &lt;/button&gt;
            &lt;/div&gt;    
            &lt;div class=&quot;btn-group&quot; onclick=&quot;&quot;&gt;
                &lt;button type=&quot;button&quot; class=&quot;btn btn-nav&quot; onclick=&quot;location.href=&#039;salesReport.htm&#039;&quot;&gt;
                    &lt;span class=&quot;glyphicon glyphicon-plus&quot;&gt;&lt;/span&gt;
    			    &lt;h4&gt;View Sales Report&lt;/h4&gt;
                &lt;/button&gt;
            &lt;/div&gt;  		
        &lt;/div&gt;
	&lt;/div&gt;
&lt;/div&gt;















&lt;script type=&quot;text/javascript&quot; src=&quot;scripts/jquery.min.js&quot;&gt;&lt;/script&gt;
&lt;script type=&quot;text/javascript&quot; src=&quot;scripts/bootstrap.js&quot;&gt;&lt;/script&gt;
&lt;script type=&quot;text/javascript&quot; src=&quot;scripts/jquery-ui.js&quot;&gt;&lt;/script&gt;
&lt;script type=&quot;text/javascript&quot; src=&quot;scripts/jquery.form-validator.min.js&quot;&gt;&lt;/script&gt;
&lt;script type=&quot;text/javascript&quot;&gt;
    $(function() {
      
      $(&#039;#confirm-password-error&#039;).hide() 
      $.validate();
      $(&#039;#confirmPassword&#039;).blur(function(){
        if($(&#039;#confirmPassword&#039;).val() != $(&#039;#password&#039;).val())
        {
         return $(&#039;#confirm-password-error&#039;).show() 
        }else{
          $(&#039;#confirm-password-error&#039;).hide() 
        }
      })
	  });
	  
	  var activeEl = 1;
$(function() {
    var items = $(&#039;.btn-nav&#039;);
    $( items[activeEl] ).addClass(&#039;active&#039;);
    $( &quot;.btn-nav&quot; ).click(function() {
        $( items[activeEl] ).removeClass(&#039;active&#039;);
        $( this ).addClass(&#039;active&#039;);
        activeEl = $( &quot;.btn-nav&quot; ).index( this );
    });
});
&lt;/script&gt;
&lt;/main&gt;



&lt;meta charset=&quot;ISO-8859-1&quot;&gt;
&lt;title&gt;Insert title here&lt;/title&gt;


&lt;footer&gt;
        &lt;small&gt;© Copyright 2019, Accenture LKM Team&lt;/small&gt;
&lt;/footer&gt;



&lt;/body&gt;&lt;/html&gt;] but found [Hi,Admin]">
      <![CDATA[java.lang.AssertionError: expected [<html><head>
	<title>Admin Home</title>
	<link rel="stylesheet" type="text/css" href="styles/bootstrap.css">
	<link rel="stylesheet" type="text/css" href="styles/custom.css">
	<link rel="stylesheet" type="text/css" href="styles/jquery-ui/jquery-ui.css">
	 <meta name="viewport" content="width=device-width, initial-scale=1">
<link href="styles/css/font-awesome.min.css" rel="stylesheet">
<link rel="stylesheet" type="text/css" href="styles/back.css">
	<link rel="stylesheet" type="text/css" href="styles/backalt.css">   
   <link href="styles/bootstrap.css" rel="stylesheet">
	<style>
	


body {
    background: #D0D3D4;
    font-family: 'Roboto', sans-serif;
    padding-top: 40px;
}

.main {
    background-color: #ECF0F1;
    border: 0px solid #8E44AD;
    border-radius: 5px;
    -webkit-box-sizing: border-box; /* Safari/Chrome, other WebKit */
    -moz-box-sizing: border-box;    /* Firefox, other Gecko */
    box-sizing: border-box; /* Opera/IE 8+ */
    margin-bottom: 40px;
    margin-right: 10%;
    margin-left: 10%;
    
}

.btn-nav {
    text-align: center;
    background-color: #ECF0F1;
    border: 0px solid #8E44AD;
    -webkit-box-sizing: border-box; /* Safari/Chrome, other WebKit */
    -moz-box-sizing: border-box;    /* Firefox, other Gecko */
    box-sizing: border-box; /* Opera/IE 8+ */
    margin-bottom: 40px;
}
.btn-nav:hover {
    color: #8E44AD;
    cursor: pointer;
    -webkit-transition: color 1s; /* For Safari 3.1 to 6.0 */
    transition: color 1s;
}
.btn-nav.active {
    color: #8E44AD;
    padding: 2px;
    border-top: 8px solid #8E44AD;
	border-bottom: 8px solid #8E44AD;
    border-left: 0;
    border-right: 0;
    box-sizing:border-box;
    -moz-box-sizing:border-box;
    -webkit-box-sizing:border-box;
    -webkit-transition: border 0.3s ease-out, color 0.3s ease 0.5s;
    -moz-transition: border 0.3s ease-out, color 0.3s ease 0.5s;
    -ms-transition: border 0.3s ease-out, color 0.3s ease 0.5s; /* IE10 is actually unprefixed */
    -o-transition: border 0.3s ease-out, color 0.3s ease 0.5s;
    transition: border 0.3s ease-out, color 0.3s ease 0.5s;
    -webkit-animation: pulsate 1.2s linear infinite;
    animation: pulsate 1.2s linear infinite;
}
.btn-nav.active:before {
	content: '';
	position: absolute;
	border-style: solid;
	border-width: 6px 6px 0;
	border-color: #8E44AD transparent;
	display: block;
	width: 0;
	z-index: 1;
	margin-left: -6px;
	top: 0;
	left: 50%;
}
.btn-nav .glyphicon {
    color: #1ABC9C;
    padding-top: 16px;
	font-size: 40px;
}
.btn-nav.active p {
    margin-bottom: 8px;
}
@-webkit-keyframes pulsate {
 50% { color: #000; }
}
@keyframes pulsate {
 50% { color: #000; }
}
@media (max-width: 480px) {
    .btn-group {
        display: block !important;
        float: none !important;
        width: 100% !important;
        max-width: 100% !important;
    }
}
@media (max-width: 600px) {
    .btn-nav .glyphicon {
        padding-top: 12px;
        font-size: 26px;
    }
    
.label {
    margin: 0;
    padding: 0;
    border: 0;
}


}

.jumbotron {
    margin-top: 0px;
    background: #8E44AD;
    color: #FFF;
    border-radius: 5px 5px 0 0;
}
    .jumbotron-sm { padding-top: 24px;
    padding-bottom: 24px; }
    .jumbotron small {
    color: #FFF;
}

/*The css under here is used for that statistics page*/

.span5 {
    float: left;
}

.span3 {
    
}

.verticalLine {
    border-left: thick solid #ff0000;
}

.boxed-text {
 width: 600px;
 height: 400px;
 border: 5px solid green;
 float: left;
}

.boxed-text-pie {
 width: 600px;
 height: 400px;
 border: 5px solid red;
 float: left;
    
}

/*The css under here is used for the buttons in the statistics page*/

.btn-group .dropdown-menu a{
    color:#fff;
}

.btn-default .dropdown-menu {
  color: #000 !important;
}
.btn-default .dropdown-menu li > a:hover,
.btn-default .dropdown-menu li > a:focus {
  background-color: #000 !important;
  color:#fff !important;
}
.btn-group-primary .dropdown-menu {
  background-color: #3784c5 !important;
}
.btn-group-primary .dropdown-menu li > a:hover,
.btn-group-primary .dropdown-menu li > a:focus {
  background-color: #428bca !important;
}
.btn-group-success .dropdown-menu {
  background-color: #51b351 !important;
}
.btn-group-success .dropdown-menu li > a:hover,
.btn-group-success .dropdown-menu li > a:focus {
  background-color: #5cb85c !important;
}
.btn-group-info .dropdown-menu {
  background-color: #4ebbdb !important;
}
.btn-group-info .dropdown-menu li > a:hover,
.btn-group-info .dropdown-menu li > a:focus {
  background-color: #5bc0de !important;
}
.btn-group-warning .dropdown-menu {
  background-color: #efa640 !important;
}
.btn-group-warning .dropdown-menu li > a:hover,
.btn-group-warning .dropdown-menu li > a:focus {
  background-color: #f0ad4e !important;
}
.btn-group-danger .dropdown-menu {
  background-color: #d64742 !important;
}
.btn-group-danger .dropdown-menu li > a:hover,
.btn-group-danger .dropdown-menu li > a:focus {
  background-color: #d9534f !important;
}



</style>
</head><body><header class="nav-down">
   <img src="img/logofirstlogo.png" align="left">
  <div align="right">
   <b><c:if test="true">		
							Hi, Admin     &nbsp;&nbsp;
					<!-- <a href="adminHome.htm"> Home</a>&nbsp;&nbsp; -->
							<a href="logout.htm"><i class="fa fa-lock"></i> SignOut</a>
							</c:if>
		   </b>
   <div>
   </div></div></header>


<main>
<div class="container">
<br><br><br>
<img src="img/admin.png" height="15%" width="15%">
<br><br><br>
    <div class="row">
    	<div class="btn-group btn-group-justified">
		<div class="btn-group" onclick="">
                <button type="button" class="btn btn-nav" onclick="location.href='routeaddprod.htm'">
                    <span class="glyphicon glyphicon glyphicon-plus"></span>
                    <h4>Add Product</h4>
                </button>
            </div>
            
            <div class="btn-group" onclick="">
                <button type="button" class="btn btn-nav active" onclick="location.href='APC.htm'">
                    <span class="glyphicon glyphicon glyphicon-plus"></span>
    			    <h4>Add Category</h4>
                </button>
            </div>
           <div class="btn-group" onclick="">
                <button type="button" class="btn btn-nav" onclick="location.href='AddProductSubCategory.htm'">
                    <span class="glyphicon glyphicon glyphicon-plus"></span>
                    <h4>Add Sub Category</h4>
                </button>
            </div>
            <div class="btn-group" onclick="">
                <button type="button" class="btn btn-nav" onclick="location.href='viewProd.htm'">
                    <span class="glyphicon glyphicon-plus"></span>
    			    <h4>View Product</h4>
                </button>
            </div>
			<div class="btn-group" onclick="">
                <button type="button" class="btn btn-nav" onclick="location.href='viewprodcat.htm'">
                    <span class="glyphicon glyphicon-plus"></span>
    			    <h4>View Category</h4>
                </button>
            </div>    
            <div class="btn-group" onclick="">
                <button type="button" class="btn btn-nav" onclick="location.href='salesReport.htm'">
                    <span class="glyphicon glyphicon-plus"></span>
    			    <h4>View Sales Report</h4>
                </button>
            </div>  		
        </div>
	</div>
</div>















<script type="text/javascript" src="scripts/jquery.min.js"></script>
<script type="text/javascript" src="scripts/bootstrap.js"></script>
<script type="text/javascript" src="scripts/jquery-ui.js"></script>
<script type="text/javascript" src="scripts/jquery.form-validator.min.js"></script>
<script type="text/javascript">
    $(function() {
      
      $('#confirm-password-error').hide() 
      $.validate();
      $('#confirmPassword').blur(function(){
        if($('#confirmPassword').val() != $('#password').val())
        {
         return $('#confirm-password-error').show() 
        }else{
          $('#confirm-password-error').hide() 
        }
      })
	  });
	  
	  var activeEl = 1;
$(function() {
    var items = $('.btn-nav');
    $( items[activeEl] ).addClass('active');
    $( ".btn-nav" ).click(function() {
        $( items[activeEl] ).removeClass('active');
        $( this ).addClass('active');
        activeEl = $( ".btn-nav" ).index( this );
    });
});
</script>
</main>



<meta charset="ISO-8859-1">
<title>Insert title here</title>


<footer>
        <small>© Copyright 2019, Accenture LKM Team</small>
</footer>



</body></html>] but found [Hi,Admin]
	at org.testng.Assert.fail(Assert.java:94)
	at org.testng.Assert.failNotEquals(Assert.java:513)
	at org.testng.Assert.assertEqualsImpl(Assert.java:135)
	at org.testng.Assert.assertEquals(Assert.java:116)
	at org.testng.Assert.assertEquals(Assert.java:190)
	at org.testng.Assert.assertEquals(Assert.java:200)
	at Demo.NewTest.google(NewTest.java:39)
	at sun.reflect.NativeMethodAccessorImpl.invoke0(Native Method)
	at sun.reflect.NativeMethodAccessorImpl.invoke(Unknown Source)
	at sun.reflect.DelegatingMethodAccessorImpl.invoke(Unknown Source)
	at java.lang.reflect.Method.invoke(Unknown Source)
	at org.testng.internal.MethodInvocationHelper.invokeMethod(MethodInvocationHelper.java:86)
	at org.testng.internal.Invoker.invokeMethod(Invoker.java:645)
	at org.testng.internal.Invoker.invokeTestMethod(Invoker.java:822)
	at org.testng.internal.Invoker.invokeTestMethods(Invoker.java:1130)
	at org.testng.internal.TestMethodWorker.invokeTestMethods(TestMethodWorker.java:129)
	at org.testng.internal.TestMethodWorker.run(TestMethodWorker.java:112)
	at org.testng.TestRunner.privateRun(TestRunner.java:782)
	at org.testng.TestRunner.run(TestRunner.java:632)
	at org.testng.SuiteRunner.runTest(SuiteRunner.java:366)
	at org.testng.SuiteRunner.runSequentially(SuiteRunner.java:361)
	at org.testng.SuiteRunner.privateRun(SuiteRunner.java:319)
	at org.testng.SuiteRunner.run(SuiteRunner.java:268)
	at org.testng.SuiteRunnerWorker.runSuite(SuiteRunnerWorker.java:52)
	at org.testng.SuiteRunnerWorker.run(SuiteRunnerWorker.java:86)
	at org.testng.TestNG.runSuitesSequentially(TestNG.java:1244)
	at org.testng.TestNG.runSuitesLocally(TestNG.java:1169)
	at org.testng.TestNG.run(TestNG.java:1064)
	at org.testng.remote.RemoteTestNG.run(RemoteTestNG.java:113)
	at org.testng.remote.RemoteTestNG.initAndRun(RemoteTestNG.java:206)
	at org.testng.remote.RemoteTestNG.main(RemoteTestNG.java:177)
]]>
    </failure>
  </testcase> <!-- google -->
</testsuite> <!-- Demo.NewTest -->
