<?xml version="1.0" encoding="UTF-8"?>
<!-- Generated by org.testng.reporters.JUnitReportReporter -->
<testsuite hostname="CDC2-D-5JLKXH2" name="Demo.excel" tests="1" failures="0" timestamp="26 Jun 2019 06:57:56 GMT" time="30.832" errors="0">
  <testcase name="f" time="30.832" classname="Demo.excel"/>
</testsuite> <!-- Demo.excel -->
